\BOOKMARK [1][-]{section.1}{\376\377\000U\000n\000d\000e\000r\000s\000t\000a\000n\000d\000i\000n\000g\000\040\000A\000r\000t\000i\000f\000i\000c\000i\000a\000l\000\040\000I\000n\000t\000e\000l\000l\000i\000g\000e\000n\000c\000e}{}% 1
\BOOKMARK [2][-]{subsection.1.1}{\376\377\000U\000n\000d\000e\000r\000s\000t\000a\000n\000d\000i\000n\000g\000\040\000a\000r\000t\000i\000f\000i\000c\000i\000a\000l}{section.1}% 2
\BOOKMARK [2][-]{subsection.1.2}{\376\377\000U\000n\000d\000e\000r\000s\000t\000a\000n\000d\000i\000n\000g\000\040\000i\000n\000t\000e\000l\000l\000i\000g\000e\000n\000c\000e}{section.1}% 3
\BOOKMARK [2][-]{subsection.1.3}{\376\377\000A\000r\000t\000i\000f\000i\000c\000i\000a\000l\000\040\000I\000n\000t\000e\000l\000l\000i\000g\000e\000n\000c\000e}{section.1}% 4
\BOOKMARK [2][-]{subsection.1.4}{\376\377\000T\000h\000e\000\040\000L\000a\000n\000g\000u\000a\000g\000e\000\040\000M\000o\000d\000e\000l\000s\000\040\000\050\000L\000M\000\051}{section.1}% 5
\BOOKMARK [1][-]{section.2}{\376\377\000U\000n\000d\000e\000r\000s\000t\000a\000n\000d\000i\000n\000g\000\040\000A\000r\000t\000i\000f\000i\000c\000i\000a\000l\000\040\000G\000e\000n\000e\000r\000a\000l\000\040\000I\000n\000t\000e\000l\000l\000i\000g\000e\000n\000c\000e\000\040\000\050\000A\000G\000I\000\051}{}% 6
\BOOKMARK [2][-]{subsection.2.1}{\376\377\000T\000h\000e\000\040\000f\000a\000l\000l\000a\000c\000y\000\040\000o\000f\000\040\000d\000e\000f\000i\000n\000i\000n\000g\000\040\000i\000n\000t\000e\000l\000l\000i\000g\000e\000n\000c\000e}{section.2}% 7
\BOOKMARK [2][-]{subsection.2.2}{\376\377\000T\000h\000e\000\040\000s\000t\000a\000t\000i\000s\000t\000i\000c\000a\000l\000\040\000m\000o\000d\000e\000l\000\040\000c\000r\000i\000t\000i\000q\000u\000e}{section.2}% 8
\BOOKMARK [2][-]{subsection.2.3}{\376\377\000T\000h\000e\000\040\000i\000n\000t\000e\000l\000l\000i\000g\000e\000n\000c\000e\000\040\000m\000o\000d\000e\000l}{section.2}% 9
\BOOKMARK [3][-]{subsubsection.2.3.1}{\376\377\000A\000r\000t\000i\000f\000i\000c\000i\000a\000l\000\040\000I\000n\000t\000e\000l\000l\000i\000g\000e\000n\000c\000e\000\040\000T\000h\000e\000o\000r\000y}{subsection.2.3}% 10
\BOOKMARK [3][-]{subsubsection.2.3.2}{\376\377\000T\000h\000e\000\040\000l\000e\000a\000r\000n\000i\000n\000g\000\040\000t\000h\000e\000o\000r\000y}{subsection.2.3}% 11
\BOOKMARK [3][-]{subsubsection.2.3.3}{\376\377\000A\000r\000c\000h\000i\000t\000e\000c\000t\000u\000r\000a\000l\000\040\000I\000n\000s\000u\000f\000f\000i\000c\000i\000e\000n\000c\000y}{subsection.2.3}% 12
\BOOKMARK [2][-]{subsection.2.4}{\376\377\000T\000h\000e\000\040\000e\000n\000d\000\040\000g\000o\000a\000l\000\040\000o\000f\000\040\000A\000G\000I}{section.2}% 13
\BOOKMARK [1][-]{section.3}{\376\377\000F\000u\000t\000u\000r\000e\000\040\000o\000f\000\040\000A\000r\000t\000i\000f\000i\000c\000i\000a\000l\000\040\000I\000n\000t\000e\000l\000l\000i\000g\000e\000n\000c\000e}{}% 14
\BOOKMARK [2][-]{subsection.3.1}{\376\377\000N\000e\000u\000r\000a\000l\000\040\000a\000r\000c\000h\000i\000t\000e\000c\000t\000u\000r\000e\000\040\000f\000o\000r\000m\000a\000l\000i\000s\000m}{section.3}% 15
\BOOKMARK [2][-]{subsection.3.2}{\376\377\000T\000h\000e\000\040\000l\000e\000a\000r\000n\000i\000n\000g\000\040\000t\000h\000e\000o\000r\000e\000t\000i\000c}{section.3}% 16
\BOOKMARK [1][-]{appendix.A}{\376\377\000A\000p\000p\000e\000n\000d\000i\000x\000.\000\040\000A\000\040\000p\000o\000t\000e\000n\000t\000i\000a\000l\000\040\000a\000n\000s\000w\000e\000r\000\040\000t\000o\000\040\000C\000R\000A}{}% 17
\BOOKMARK [2][-]{subsection.A.1}{\376\377\000T\000h\000e\000\040\000m\000e\000r\000i\000t\000s\000\040\000o\000f\000\040\000t\000h\000e\000\040\000p\000r\000o\000c\000e\000s\000s\000i\000n\000g\000\040\000u\000n\000i\000t}{appendix.A}% 18
\BOOKMARK [2][-]{subsection.A.2}{\376\377\000T\000h\000e\000\040\000l\000a\000y\000e\000r\000\040\000d\000i\000l\000e\000m\000m\000a\000\040\000-\000\040\000o\000r\000\040\000C\000h\000i\000n\000e\000s\000e\000\040\000R\000o\000o\000m\000\040\000A\000r\000g\000u\000m\000e\000n\000t}{appendix.A}% 19
\BOOKMARK [1][-]{appendix.B}{\376\377\000A\000p\000p\000e\000n\000d\000i\000x\000.\000\040\000A\000r\000g\000u\000m\000e\000n\000t\000\040\000a\000g\000a\000i\000n\000s\000t\000\040\000t\000h\000e\000\040\000G\000\366\000d\000e\000l\000i\000a\000n\000\040\000a\000r\000g\000u\000m\000e\000n\000t}{}% 20
\BOOKMARK [2][-]{subsection.B.1}{\376\377\000R\000e\000m\000a\000r\000k}{appendix.B}% 21
